<?xml version="1.0" encoding="UTF-8"?>
<!-- Generated by org.testng.reporters.JUnitXMLReporter -->
<testsuite hostname="Hassan-PC" ignored="0" name="Regression suite 1(failed)" tests="3" failures="1" timestamp="29 Nov 2018 14:32:11 GMT" time="275.745" errors="0">
  <testcase name="validate_shop_checkout" time="96.164" classname="Deployment.Verify_Shop_Checkout"/>
  <testcase name="validate_Favorite_FittingRoom" time="134.412" classname="Deployment.Favorite_FittingRoom"/>
  <testcase name="validate_fitting_searchpage" time="45.132" classname="Deployment.Verify_Fitting_Room_SearchPage">
    <failure type="java.lang.AssertionError" message="expected [true] but found [false]">
      <![CDATA[java.lang.AssertionError: expected [true] but found [false]
at Deployment.Verify_Fitting_Room_SearchPage.validate_fitting_searchpage(Verify_Fitting_Room_SearchPage.java:61)
... Removed 29 stack frames]]>
    </failure>
  </testcase> <!-- validate_fitting_searchpage -->
</testsuite> <!-- Regression suite 1(failed) -->
