<?xml version="1.0" encoding="UTF-8"?>
<!-- Generated by org.testng.reporters.JUnitXMLReporter -->
<testsuite hostname="Hassan-PC" ignored="1" name="Regression suite 1" tests="26" failures="3" timestamp="29 Nov 2018 14:04:50 GMT" time="1571.124" errors="0">
  <testcase name="validate_women" time="53.538" classname="Deployment.WomenTest"/>
  <testcase name="validate_men" time="52.782" classname="Deployment.MenTest"/>
  <testcase name="InvalidEmail" time="22.673" classname="Deployment.SignUpErrorHandling"/>
  <testcase name="PasswordNotMatch" time="22.132" classname="Deployment.SignUpErrorHandling"/>
  <testcase name="checkValidCredentials" time="15.863" classname="Deployment.Verify_Login"/>
  <testcase name="validate_forgot_password" time="93.514" classname="Deployment.Verify_Forgot_Password"/>
  <testcase name="Invalidcrdentials" time="18.049" classname="Deployment.Signin_Errorhandling"/>
  <testcase name="InvalidEmail" time="18.902" classname="Deployment.Signin_Errorhandling"/>
  <testcase name="EmailNotFound" time="19.04" classname="Deployment.Signin_Errorhandling"/>
  <testcase name="InvalidPwdCriteria" time="83.984" classname="Deployment.Signin_Errorhandling"/>
  <testcase name="PasswordNotMatched" time="85.045" classname="Deployment.Signin_Errorhandling"/>
  <testcase name="Missing_Fields" time="23.867" classname="Deployment.Contactus_Errorhandling"/>
  <testcase name="validate_cancelsignup" time="31.799" classname="Deployment.Verify_Cancelsignup"/>
  <testcase name="validate_shop_checkout" time="126.063" classname="Deployment.Verify_Shop_Checkout">
    <failure type="org.openqa.selenium.NoSuchElementException" message="no such element: Unable to locate element: {&amp;quot;method&amp;quot;:&amp;quot;xpath&amp;quot;,&amp;quot;selector&amp;quot;:&amp;quot;//input[@id=&amp;apos;checkout_shipping_address_province&amp;apos;]&amp;quot;}
  (Session info: chrome=70.0.3538.110)
  (Driver info: chromedriver=2.41.578737 (49da6702b16031c40d63e5618de03a32ff6c197e),platform=Windows NT 10.0.16299 x86_64) (WARNING: The server did not provide any stacktrace information)
Command duration or timeout: 0 milliseconds
For documentation on this error, please visit: http://seleniumhq.org/exceptions/no_such_element.html
Build info: version: &amp;apos;3.14.0&amp;apos;, revision: &amp;apos;aacccce0&amp;apos;, time: &amp;apos;2018-08-02T20:05:20.749Z&amp;apos;
System info: host: &amp;apos;HASSAN-PC&amp;apos;, ip: &amp;apos;192.168.0.220&amp;apos;, os.name: &amp;apos;Windows 10&amp;apos;, os.arch: &amp;apos;amd64&amp;apos;, os.version: &amp;apos;10.0&amp;apos;, java.version: &amp;apos;1.8.0_191&amp;apos;
Driver info: org.openqa.selenium.chrome.ChromeDriver
Capabilities {acceptInsecureCerts: false, acceptSslCerts: false, applicationCacheEnabled: false, browserConnectionEnabled: false, browserName: chrome, chrome: {chromedriverVersion: 2.41.578737 (49da6702b16031..., userDataDir: C:\Users\M604D~1.ABD\AppDat...}, cssSelectorsEnabled: true, databaseEnabled: false, goog:chromeOptions: {debuggerAddress: localhost:50585}, handlesAlerts: true, hasTouchScreen: false, javascriptEnabled: true, locationContextEnabled: true, mobileEmulationEnabled: false, nativeEvents: true, networkConnectionEnabled: false, pageLoadStrategy: normal, platform: XP, platformName: XP, rotatable: false, setWindowRect: true, takesHeapSnapshot: true, takesScreenshot: true, unexpectedAlertBehaviour: , unhandledPromptBehavior: , version: 70.0.3538.110, webStorageEnabled: true}
Session ID: 4e9bbe72e3351f2a324ccbb42e1cf552
*** Element info: {Using=xpath, value=//input[@id=&amp;apos;checkout_shipping_address_province&amp;apos;]}">
      <![CDATA[org.openqa.selenium.NoSuchElementException: no such element: Unable to locate element: {"method":"xpath","selector":"//input[@id='checkout_shipping_address_province']"}
  (Session info: chrome=70.0.3538.110)
  (Driver info: chromedriver=2.41.578737 (49da6702b16031c40d63e5618de03a32ff6c197e),platform=Windows NT 10.0.16299 x86_64) (WARNING: The server did not provide any stacktrace information)
Command duration or timeout: 0 milliseconds
For documentation on this error, please visit: http://seleniumhq.org/exceptions/no_such_element.html
Build info: version: '3.14.0', revision: 'aacccce0', time: '2018-08-02T20:05:20.749Z'
System info: host: 'HASSAN-PC', ip: '192.168.0.220', os.name: 'Windows 10', os.arch: 'amd64', os.version: '10.0', java.version: '1.8.0_191'
Driver info: org.openqa.selenium.chrome.ChromeDriver
Capabilities {acceptInsecureCerts: false, acceptSslCerts: false, applicationCacheEnabled: false, browserConnectionEnabled: false, browserName: chrome, chrome: {chromedriverVersion: 2.41.578737 (49da6702b16031..., userDataDir: C:\Users\M604D~1.ABD\AppDat...}, cssSelectorsEnabled: true, databaseEnabled: false, goog:chromeOptions: {debuggerAddress: localhost:50585}, handlesAlerts: true, hasTouchScreen: false, javascriptEnabled: true, locationContextEnabled: true, mobileEmulationEnabled: false, nativeEvents: true, networkConnectionEnabled: false, pageLoadStrategy: normal, platform: XP, platformName: XP, rotatable: false, setWindowRect: true, takesHeapSnapshot: true, takesScreenshot: true, unexpectedAlertBehaviour: , unhandledPromptBehavior: , version: 70.0.3538.110, webStorageEnabled: true}
Session ID: 4e9bbe72e3351f2a324ccbb42e1cf552
*** Element info: {Using=xpath, value=//input[@id='checkout_shipping_address_province']}
at org.openqa.selenium.remote.ErrorHandler.createThrowable(ErrorHandler.java:214)
at org.openqa.selenium.remote.ErrorHandler.throwIfResponseFailed(ErrorHandler.java:166)
at org.openqa.selenium.remote.http.JsonHttpResponseCodec.reconstructValue(JsonHttpResponseCodec.java:40)
at org.openqa.selenium.remote.http.AbstractHttpResponseCodec.decode(AbstractHttpResponseCodec.java:80)
at org.openqa.selenium.remote.http.AbstractHttpResponseCodec.decode(AbstractHttpResponseCodec.java:44)
at org.openqa.selenium.remote.HttpCommandExecutor.execute(HttpCommandExecutor.java:158)
at org.openqa.selenium.remote.service.DriverCommandExecutor.execute(DriverCommandExecutor.java:83)
at org.openqa.selenium.remote.RemoteWebDriver.execute(RemoteWebDriver.java:548)
at org.openqa.selenium.remote.RemoteWebDriver.findElement(RemoteWebDriver.java:322)
at org.openqa.selenium.remote.RemoteWebDriver.findElementByXPath(RemoteWebDriver.java:424)
at org.openqa.selenium.By$ByXPath.findElement(By.java:353)
at org.openqa.selenium.remote.RemoteWebDriver.findElement(RemoteWebDriver.java:314)
at org.openqa.selenium.support.pagefactory.DefaultElementLocator.findElement(DefaultElementLocator.java:69)
at org.openqa.selenium.support.pagefactory.internal.LocatingElementHandler.invoke(LocatingElementHandler.java:38)
at com.sun.proxy.$Proxy7.getWrappedElement(Unknown Source)
at org.openqa.selenium.remote.internal.WebElementToJsonConverter.apply(WebElementToJsonConverter.java:50)
at java.util.stream.ReferencePipeline$3$1.accept(Unknown Source)
at java.util.Spliterators$ArraySpliterator.forEachRemaining(Unknown Source)
at java.util.stream.AbstractPipeline.copyInto(Unknown Source)
at java.util.stream.AbstractPipeline.wrapAndCopyInto(Unknown Source)
at java.util.stream.ReduceOps$ReduceOp.evaluateSequential(Unknown Source)
at java.util.stream.AbstractPipeline.evaluate(Unknown Source)
at java.util.stream.ReferencePipeline.collect(Unknown Source)
at org.openqa.selenium.remote.RemoteWebDriver.executeScript(RemoteWebDriver.java:480)
at library.HighlightLocator.highLightElement(HighlightLocator.java:13)
at PageObjectModel.Shop_Checkout.click_checkout_shipping_address_state(Shop_Checkout.java:179)
at Deployment.Verify_Shop_Checkout.validate_shop_checkout(Verify_Shop_Checkout.java:63)
... Removed 29 stack frames]]>
    </failure>
  </testcase> <!-- validate_shop_checkout -->
  <testcase name="validate_fitting_room_popup" time="43.971" classname="Deployment.Verify_Fitting_Room_Popup"/>
  <testcase name="validate_Fitting_Room_Hanger" time="59.083" classname="Deployment.Verify_Fitting_Room_Hanger"/>
  <testcase name="validate_fitting_room_editlook" time="100.032" classname="Deployment.Verify_Fitting_Room_Edit_Look"/>
  <testcase name="validate_select_a_size" time="62.843" classname="Deployment.Verify_Fitting_Room_Edit_Look"/>
  <testcase name="validate_calibrated_user" time="94.964" classname="Deployment.Verify_Fitting_Room_Edit_Look"/>
  <testcase name="validate_change_color" time="83.158" classname="Deployment.Verify_Fitting_Room_Edit_Look"/>
  <testcase name="validate_fitting_room_buylook" time="101.912" classname="Deployment.Verify_Fitting_Room_Buy_Look"/>
  <testcase name="validate_fittingRoom_ProductDetail" time="76.938" classname="Deployment.Verify_FittingRoom_ProductDetail"/>
  <testcase name="validate_favourite" time="103.077" classname="Deployment.Verify_favourite"/>
  <testcase name="validate_Favorite_FittingRoom" time="70.724" classname="Deployment.Favorite_FittingRoom">
    <failure type="org.openqa.selenium.WebDriverException" message="unknown error: Element &amp;lt;a href=&amp;quot;&amp;quot; class=&amp;quot;btn-fav&amp;quot; data-fav=&amp;quot;add&amp;quot; data-fav-id=&amp;quot;&amp;quot; data-product-id=&amp;quot;529740267574&amp;quot; style=&amp;quot;border: solid 2px white&amp;quot;&amp;gt;...&amp;lt;/a&amp;gt; is not clickable at point (398, 229). Other element would receive the click: &amp;lt;div class=&amp;quot;hover&amp;quot;&amp;gt;&amp;lt;/div&amp;gt;
  (Session info: chrome=70.0.3538.110)
  (Driver info: chromedriver=2.41.578737 (49da6702b16031c40d63e5618de03a32ff6c197e),platform=Windows NT 10.0.16299 x86_64) (WARNING: The server did not provide any stacktrace information)
Command duration or timeout: 0 milliseconds
Build info: version: &amp;apos;3.14.0&amp;apos;, revision: &amp;apos;aacccce0&amp;apos;, time: &amp;apos;2018-08-02T20:05:20.749Z&amp;apos;
System info: host: &amp;apos;HASSAN-PC&amp;apos;, ip: &amp;apos;192.168.0.220&amp;apos;, os.name: &amp;apos;Windows 10&amp;apos;, os.arch: &amp;apos;amd64&amp;apos;, os.version: &amp;apos;10.0&amp;apos;, java.version: &amp;apos;1.8.0_191&amp;apos;
Driver info: org.openqa.selenium.chrome.ChromeDriver
Capabilities {acceptInsecureCerts: false, acceptSslCerts: false, applicationCacheEnabled: false, browserConnectionEnabled: false, browserName: chrome, chrome: {chromedriverVersion: 2.41.578737 (49da6702b16031..., userDataDir: C:\Users\M604D~1.ABD\AppDat...}, cssSelectorsEnabled: true, databaseEnabled: false, goog:chromeOptions: {debuggerAddress: localhost:51862}, handlesAlerts: true, hasTouchScreen: false, javascriptEnabled: true, locationContextEnabled: true, mobileEmulationEnabled: false, nativeEvents: true, networkConnectionEnabled: false, pageLoadStrategy: normal, platform: XP, platformName: XP, rotatable: false, setWindowRect: true, takesHeapSnapshot: true, takesScreenshot: true, unexpectedAlertBehaviour: , unhandledPromptBehavior: , version: 70.0.3538.110, webStorageEnabled: true}
Session ID: 5f9575ea3ca911cb5bcd75af92422c5b">
      <![CDATA[org.openqa.selenium.WebDriverException: unknown error: Element <a href="" class="btn-fav" data-fav="add" data-fav-id="" data-product-id="529740267574" style="border: solid 2px white">...</a> is not clickable at point (398, 229). Other element would receive the click: <div class="hover"></div>
  (Session info: chrome=70.0.3538.110)
  (Driver info: chromedriver=2.41.578737 (49da6702b16031c40d63e5618de03a32ff6c197e),platform=Windows NT 10.0.16299 x86_64) (WARNING: The server did not provide any stacktrace information)
Command duration or timeout: 0 milliseconds
Build info: version: '3.14.0', revision: 'aacccce0', time: '2018-08-02T20:05:20.749Z'
System info: host: 'HASSAN-PC', ip: '192.168.0.220', os.name: 'Windows 10', os.arch: 'amd64', os.version: '10.0', java.version: '1.8.0_191'
Driver info: org.openqa.selenium.chrome.ChromeDriver
Capabilities {acceptInsecureCerts: false, acceptSslCerts: false, applicationCacheEnabled: false, browserConnectionEnabled: false, browserName: chrome, chrome: {chromedriverVersion: 2.41.578737 (49da6702b16031..., userDataDir: C:\Users\M604D~1.ABD\AppDat...}, cssSelectorsEnabled: true, databaseEnabled: false, goog:chromeOptions: {debuggerAddress: localhost:51862}, handlesAlerts: true, hasTouchScreen: false, javascriptEnabled: true, locationContextEnabled: true, mobileEmulationEnabled: false, nativeEvents: true, networkConnectionEnabled: false, pageLoadStrategy: normal, platform: XP, platformName: XP, rotatable: false, setWindowRect: true, takesHeapSnapshot: true, takesScreenshot: true, unexpectedAlertBehaviour: , unhandledPromptBehavior: , version: 70.0.3538.110, webStorageEnabled: true}
Session ID: 5f9575ea3ca911cb5bcd75af92422c5b
at org.openqa.selenium.remote.ErrorHandler.createThrowable(ErrorHandler.java:214)
at org.openqa.selenium.remote.ErrorHandler.throwIfResponseFailed(ErrorHandler.java:166)
at org.openqa.selenium.remote.http.JsonHttpResponseCodec.reconstructValue(JsonHttpResponseCodec.java:40)
at org.openqa.selenium.remote.http.AbstractHttpResponseCodec.decode(AbstractHttpResponseCodec.java:80)
at org.openqa.selenium.remote.http.AbstractHttpResponseCodec.decode(AbstractHttpResponseCodec.java:44)
at org.openqa.selenium.remote.HttpCommandExecutor.execute(HttpCommandExecutor.java:158)
at org.openqa.selenium.remote.service.DriverCommandExecutor.execute(DriverCommandExecutor.java:83)
at org.openqa.selenium.remote.RemoteWebDriver.execute(RemoteWebDriver.java:548)
at org.openqa.selenium.remote.RemoteWebElement.execute(RemoteWebElement.java:276)
at org.openqa.selenium.remote.RemoteWebElement.click(RemoteWebElement.java:83)
at org.openqa.selenium.support.pagefactory.internal.LocatingElementHandler.invoke(LocatingElementHandler.java:51)
at com.sun.proxy.$Proxy7.click(Unknown Source)
at library.Synchronization.Exception_Handling(Synchronization.java:156)
at PageObjectModel.Favourite.click_favourite_product3(Favourite.java:88)
at Deployment.Favorite_FittingRoom.validate_Favorite_FittingRoom(Favorite_FittingRoom.java:68)
... Removed 32 stack frames]]>
    </failure>
  </testcase> <!-- validate_Favorite_FittingRoom -->
  <testcase name="validate_Badge_number" time="65.529" classname="Deployment.Verify_Badge_Number"/>
  <testcase name="validate_fitting_searchpage" time="41.548" classname="Deployment.Verify_Fitting_Room_SearchPage">
    <failure type="java.lang.AssertionError" message="expected [true] but found [false]">
      <![CDATA[java.lang.AssertionError: expected [true] but found [false]
at Deployment.Verify_Fitting_Room_SearchPage.validate_fitting_searchpage(Verify_Fitting_Room_SearchPage.java:61)
... Removed 29 stack frames]]>
    </failure>
  </testcase> <!-- validate_fitting_searchpage -->
  <testcase name="validate_contactus" time="0.0" classname="Deployment.Verify_Contactus">
    <ignored/>
  </testcase> <!-- validate_contactus -->
</testsuite> <!-- Regression suite 1 -->
